  files.c
D:\ProjekteC\OuchSystem\OuchSystem\OuchSystem\files.c(192,14): warning C4267: '=': conversion from 'size_t' to 'int', possible loss of data
D:\ProjekteC\OuchSystem\OuchSystem\OuchSystem\files.c(181,38): warning C4267: 'initializing': conversion from 'size_t' to 'int', possible loss of data
D:\ProjekteC\OuchSystem\OuchSystem\OuchSystem\files.c(343,9): error C4996: 'strdup': The POSIX name for this item is deprecated. Instead, use the ISO C and C++ conformant name: _strdup. See online help for details.
D:\ProjekteC\OuchSystem\OuchSystem\OuchSystem\files.c(357,18): error C4996: 'strdup': The POSIX name for this item is deprecated. Instead, use the ISO C and C++ conformant name: _strdup. See online help for details.
  kernal.c
D:\ProjekteC\OuchSystem\OuchSystem\OuchSystem\process.h(11,10): fatal  error C1083: Cannot open include file: 'netinet/in.h': No such file or directory
  main.c
D:\ProjekteC\OuchSystem\OuchSystem\OuchSystem\process.h(11,10): fatal  error C1083: Cannot open include file: 'netinet/in.h': No such file or directory
  process.c
D:\ProjekteC\OuchSystem\OuchSystem\OuchSystem\process.h(11,10): fatal  error C1083: Cannot open include file: 'netinet/in.h': No such file or directory
  syscall.c
D:\ProjekteC\OuchSystem\OuchSystem\OuchSystem\process.h(11,10): fatal  error C1083: Cannot open include file: 'netinet/in.h': No such file or directory
  timing.c
D:\ProjekteC\OuchSystem\OuchSystem\OuchSystem\process.h(11,10): fatal  error C1083: Cannot open include file: 'netinet/in.h': No such file or directory
  utils.c
D:\ProjekteC\OuchSystem\OuchSystem\OuchSystem\utils.c(64,23): warning C4018: '<': signed/unsigned mismatch
D:\ProjekteC\OuchSystem\OuchSystem\OuchSystem\utils.c(72,23): warning C4018: '<': signed/unsigned mismatch
D:\ProjekteC\OuchSystem\OuchSystem\OuchSystem\utils.c(76,23): warning C4018: '<': signed/unsigned mismatch
  Generating Code...
